<?xml version="1.0" encoding="UTF-8"?>
<!-- Generated by org.testng.reporters.JUnitXMLReporter -->
<testsuite ignored="0" hostname="LAPTOP-I4KUI1K1" failures="1" tests="13" name="Test" time="103.179" errors="0" timestamp="2026-03-29T11:17:32 IST">
  <testcase classname="testCases.TC001_FooterLinks" name="verifyFooterLinks" time="1.06"/>
  <testcase classname="testCases.TC002_TeamDetailsTest" name="verifyTeamDetails" time="2.951"/>
  <testcase classname="testCases.TC002_TeamDetailsTest" name="verifyTeamDetails" time="1.23"/>
  <testcase classname="testCases.TC002_TeamDetailsTest" name="verifyTeamDetails" time="1.243"/>
  <testcase classname="testCases.TC002_TeamDetailsTest" name="verifyTeamDetails" time="1.276"/>
  <testcase classname="testCases.TC002_TeamDetailsTest" name="verifyTeamDetails" time="2.109"/>
  <testcase classname="testCases.TC002_TeamDetailsTest" name="verifyTeamDetails" time="1.905"/>
  <testcase classname="testCases.TC002_TeamDetailsTest" name="verifyTeamDetails" time="1.666"/>
  <testcase classname="testCases.TC002_TeamDetailsTest" name="verifyTeamDetails" time="1.868"/>
  <testcase classname="testCases.TC002_TeamDetailsTest" name="verifyTeamDetails" time="2.107"/>
  <testcase classname="testCases.TC002_TeamDetailsTest" name="verifyTeamDetails" time="1.815"/>
  <testcase classname="testCases.TC003_PointTableValidation" name="testTeamNameAtRank1" time="5.439">
    <failure type="java.lang.NumberFormatException" message="For input string: &amp;quot;RCB&amp;quot;">
      <![CDATA[java.lang.NumberFormatException: For input string: "RCB"
at java.base/java.lang.NumberFormatException.forInputString(NumberFormatException.java:67)
at java.base/java.lang.Integer.parseInt(Integer.java:661)
at java.base/java.lang.Integer.parseInt(Integer.java:777)
at pageObjects.PointsTablePageObject.getMatchPlayed(PointsTablePageObject.java:27)
at testCases.TC003_PointTableValidation.testTeamNameAtRank1(TC003_PointTableValidation.java:29)
at java.base/java.util.ArrayList.forEach(ArrayList.java:1596)
... Removed 25 stack frames]]>
    </failure>
  </testcase> <!-- testTeamNameAtRank1 -->
  <testcase classname="testCases.TC004_SearchFunctionality" name="search" time="3.922"/>
</testsuite> <!-- Test -->
