<?xml version="1.0" encoding="UTF-8"?>
<!-- Generated by org.testng.reporters.JUnitXMLReporter -->
<testsuite ignored="0" hostname="LAPTOP-I4KUI1K1" failures="0" tests="13" name="Test" time="70.991" errors="0" timestamp="2026-03-29T13:22:26 IST">
  <testcase classname="testCases.TC001_FooterLinks" name="verifyFooterLinks" time="0.677"/>
  <testcase classname="testCases.TC002_TeamDetailsTest" name="verifyTeamDetails" time="2.17"/>
  <testcase classname="testCases.TC002_TeamDetailsTest" name="verifyTeamDetails" time="1.105"/>
  <testcase classname="testCases.TC002_TeamDetailsTest" name="verifyTeamDetails" time="1.956"/>
  <testcase classname="testCases.TC002_TeamDetailsTest" name="verifyTeamDetails" time="3.109"/>
  <testcase classname="testCases.TC002_TeamDetailsTest" name="verifyTeamDetails" time="1.612"/>
  <testcase classname="testCases.TC002_TeamDetailsTest" name="verifyTeamDetails" time="2.91"/>
  <testcase classname="testCases.TC002_TeamDetailsTest" name="verifyTeamDetails" time="3.75"/>
  <testcase classname="testCases.TC002_TeamDetailsTest" name="verifyTeamDetails" time="2.121"/>
  <testcase classname="testCases.TC002_TeamDetailsTest" name="verifyTeamDetails" time="1.526"/>
  <testcase classname="testCases.TC002_TeamDetailsTest" name="verifyTeamDetails" time="1.933"/>
  <testcase classname="testCases.TC003_PointTableValidation" name="testTeamNameAtRank1" time="3.784"/>
  <testcase classname="testCases.TC004_SearchFunctionality" name="search" time="2.685"/>
</testsuite> <!-- Test -->
