<?xml version="1.0" encoding="UTF-8"?>
<testng-results ignored="0" total="12" passed="12" failed="0" skipped="0">
  <reporter-output>
  </reporter-output>
  <suite started-at="2026-03-18T23:42:46 IST" name="IPL Chrome Suite" finished-at="2026-03-18T23:43:30 IST" duration-ms="43518">
    <groups>
    </groups>
    <test started-at="2026-03-18T23:42:46 IST" name="Test" finished-at="2026-03-18T23:43:30 IST" duration-ms="43518">
      <class name="testCases.TC003_PointTableValidation">
        <test-method is-config="true" signature="setUp(java.lang.String)[pri:0, instance:testCases.TC003_PointTableValidation@766653e6]" started-at="2026-03-18T23:42:59 IST" name="setUp" finished-at="2026-03-18T23:43:06 IST" duration-ms="7180" status="PASS">
          <params>
            <param index="0">
              <value>
                <![CDATA[chrome]]>
              </value>
            </param>
          </params>
          <reporter-output>
          </reporter-output>
        </test-method> <!-- setUp -->
        <test-method signature="testTeamNameAtRank1()[pri:0, instance:testCases.TC003_PointTableValidation@766653e6]" started-at="2026-03-18T23:43:06 IST" name="testTeamNameAtRank1" finished-at="2026-03-18T23:43:09 IST" duration-ms="2346" status="PASS">
          <reporter-output>
          </reporter-output>
        </test-method> <!-- testTeamNameAtRank1 -->
        <test-method is-config="true" signature="tearDown()[pri:0, instance:testCases.TC003_PointTableValidation@766653e6]" started-at="2026-03-18T23:43:09 IST" name="tearDown" finished-at="2026-03-18T23:43:09 IST" duration-ms="563" status="PASS">
          <reporter-output>
          </reporter-output>
        </test-method> <!-- tearDown -->
      </class> <!-- testCases.TC003_PointTableValidation -->
      <class name="testCases.TC002_TeamDetailsTest">
        <test-method is-config="true" signature="setUp(java.lang.String)[pri:0, instance:testCases.TC002_TeamDetailsTest@4e07b95f]" started-at="2026-03-18T23:43:09 IST" name="setUp" finished-at="2026-03-18T23:43:16 IST" duration-ms="6556" status="PASS">
          <params>
            <param index="0">
              <value>
                <![CDATA[chrome]]>
              </value>
            </param>
          </params>
          <reporter-output>
          </reporter-output>
        </test-method> <!-- setUp -->
        <test-method signature="verifyTeamDetails(java.lang.String,java.lang.String,java.lang.String,java.lang.String)[pri:0, instance:testCases.TC002_TeamDetailsTest@4e07b95f]" started-at="2026-03-18T23:43:18 IST" name="verifyTeamDetails" data-provider="iplTeamData" finished-at="2026-03-18T23:43:20 IST" duration-ms="2481" status="PASS">
          <params>
            <param index="0">
              <value>
                <![CDATA[Chennai Super Kings]]>
              </value>
            </param>
            <param index="1">
              <value>
                <![CDATA[CSK]]>
              </value>
            </param>
            <param index="2">
              <value>
                <![CDATA[TRUE]]>
              </value>
            </param>
            <param index="3">
              <value>
                <![CDATA[2010, 2011, 2018, 2021, 2023]]>
              </value>
            </param>
          </params>
          <reporter-output>
          </reporter-output>
        </test-method> <!-- verifyTeamDetails -->
        <test-method signature="verifyTeamDetails(java.lang.String,java.lang.String,java.lang.String,java.lang.String)[pri:0, instance:testCases.TC002_TeamDetailsTest@4e07b95f]" started-at="2026-03-18T23:43:20 IST" name="verifyTeamDetails" data-provider="iplTeamData" finished-at="2026-03-18T23:43:21 IST" duration-ms="936" status="PASS">
          <params>
            <param index="0">
              <value>
                <![CDATA[Delhi Capitals]]>
              </value>
            </param>
            <param index="1">
              <value>
                <![CDATA[DC]]>
              </value>
            </param>
            <param index="2">
              <value>
                <![CDATA[TRUE]]>
              </value>
            </param>
            <param index="3">
              <value>
                <![CDATA[NA]]>
              </value>
            </param>
          </params>
          <reporter-output>
          </reporter-output>
        </test-method> <!-- verifyTeamDetails -->
        <test-method signature="verifyTeamDetails(java.lang.String,java.lang.String,java.lang.String,java.lang.String)[pri:0, instance:testCases.TC002_TeamDetailsTest@4e07b95f]" started-at="2026-03-18T23:43:21 IST" name="verifyTeamDetails" data-provider="iplTeamData" finished-at="2026-03-18T23:43:22 IST" duration-ms="976" status="PASS">
          <params>
            <param index="0">
              <value>
                <![CDATA[Gujarat Titans]]>
              </value>
            </param>
            <param index="1">
              <value>
                <![CDATA[GT]]>
              </value>
            </param>
            <param index="2">
              <value>
                <![CDATA[TRUE]]>
              </value>
            </param>
            <param index="3">
              <value>
                <![CDATA[2022]]>
              </value>
            </param>
          </params>
          <reporter-output>
          </reporter-output>
        </test-method> <!-- verifyTeamDetails -->
        <test-method signature="verifyTeamDetails(java.lang.String,java.lang.String,java.lang.String,java.lang.String)[pri:0, instance:testCases.TC002_TeamDetailsTest@4e07b95f]" started-at="2026-03-18T23:43:22 IST" name="verifyTeamDetails" data-provider="iplTeamData" finished-at="2026-03-18T23:43:23 IST" duration-ms="1112" status="PASS">
          <params>
            <param index="0">
              <value>
                <![CDATA[Kolkata Knight Riders]]>
              </value>
            </param>
            <param index="1">
              <value>
                <![CDATA[KKR]]>
              </value>
            </param>
            <param index="2">
              <value>
                <![CDATA[TRUE]]>
              </value>
            </param>
            <param index="3">
              <value>
                <![CDATA[2012, 2014, 2024]]>
              </value>
            </param>
          </params>
          <reporter-output>
          </reporter-output>
        </test-method> <!-- verifyTeamDetails -->
        <test-method signature="verifyTeamDetails(java.lang.String,java.lang.String,java.lang.String,java.lang.String)[pri:0, instance:testCases.TC002_TeamDetailsTest@4e07b95f]" started-at="2026-03-18T23:43:23 IST" name="verifyTeamDetails" data-provider="iplTeamData" finished-at="2026-03-18T23:43:24 IST" duration-ms="960" status="PASS">
          <params>
            <param index="0">
              <value>
                <![CDATA[Lucknow Super Giants]]>
              </value>
            </param>
            <param index="1">
              <value>
                <![CDATA[LSG]]>
              </value>
            </param>
            <param index="2">
              <value>
                <![CDATA[TRUE]]>
              </value>
            </param>
            <param index="3">
              <value>
                <![CDATA[NA]]>
              </value>
            </param>
          </params>
          <reporter-output>
          </reporter-output>
        </test-method> <!-- verifyTeamDetails -->
        <test-method signature="verifyTeamDetails(java.lang.String,java.lang.String,java.lang.String,java.lang.String)[pri:0, instance:testCases.TC002_TeamDetailsTest@4e07b95f]" started-at="2026-03-18T23:43:24 IST" name="verifyTeamDetails" data-provider="iplTeamData" finished-at="2026-03-18T23:43:25 IST" duration-ms="998" status="PASS">
          <params>
            <param index="0">
              <value>
                <![CDATA[Mumbai Indians]]>
              </value>
            </param>
            <param index="1">
              <value>
                <![CDATA[MI]]>
              </value>
            </param>
            <param index="2">
              <value>
                <![CDATA[TRUE]]>
              </value>
            </param>
            <param index="3">
              <value>
                <![CDATA[2013, 2015 , 2017, 2019, 2020]]>
              </value>
            </param>
          </params>
          <reporter-output>
          </reporter-output>
        </test-method> <!-- verifyTeamDetails -->
        <test-method signature="verifyTeamDetails(java.lang.String,java.lang.String,java.lang.String,java.lang.String)[pri:0, instance:testCases.TC002_TeamDetailsTest@4e07b95f]" started-at="2026-03-18T23:43:25 IST" name="verifyTeamDetails" data-provider="iplTeamData" finished-at="2026-03-18T23:43:26 IST" duration-ms="993" status="PASS">
          <params>
            <param index="0">
              <value>
                <![CDATA[Punjab Kings]]>
              </value>
            </param>
            <param index="1">
              <value>
                <![CDATA[PBKS]]>
              </value>
            </param>
            <param index="2">
              <value>
                <![CDATA[TRUE]]>
              </value>
            </param>
            <param index="3">
              <value>
                <![CDATA[NA]]>
              </value>
            </param>
          </params>
          <reporter-output>
          </reporter-output>
        </test-method> <!-- verifyTeamDetails -->
        <test-method signature="verifyTeamDetails(java.lang.String,java.lang.String,java.lang.String,java.lang.String)[pri:0, instance:testCases.TC002_TeamDetailsTest@4e07b95f]" started-at="2026-03-18T23:43:26 IST" name="verifyTeamDetails" data-provider="iplTeamData" finished-at="2026-03-18T23:43:27 IST" duration-ms="1157" status="PASS">
          <params>
            <param index="0">
              <value>
                <![CDATA[Rajasthan Royals]]>
              </value>
            </param>
            <param index="1">
              <value>
                <![CDATA[RR]]>
              </value>
            </param>
            <param index="2">
              <value>
                <![CDATA[TRUE]]>
              </value>
            </param>
            <param index="3">
              <value>
                <![CDATA[2008]]>
              </value>
            </param>
          </params>
          <reporter-output>
          </reporter-output>
        </test-method> <!-- verifyTeamDetails -->
        <test-method signature="verifyTeamDetails(java.lang.String,java.lang.String,java.lang.String,java.lang.String)[pri:0, instance:testCases.TC002_TeamDetailsTest@4e07b95f]" started-at="2026-03-18T23:43:27 IST" name="verifyTeamDetails" data-provider="iplTeamData" finished-at="2026-03-18T23:43:28 IST" duration-ms="1113" status="PASS">
          <params>
            <param index="0">
              <value>
                <![CDATA[Royal Challengers Bengaluru]]>
              </value>
            </param>
            <param index="1">
              <value>
                <![CDATA[RCB]]>
              </value>
            </param>
            <param index="2">
              <value>
                <![CDATA[TRUE]]>
              </value>
            </param>
            <param index="3">
              <value>
                <![CDATA[2025]]>
              </value>
            </param>
          </params>
          <reporter-output>
          </reporter-output>
        </test-method> <!-- verifyTeamDetails -->
        <test-method signature="verifyTeamDetails(java.lang.String,java.lang.String,java.lang.String,java.lang.String)[pri:0, instance:testCases.TC002_TeamDetailsTest@4e07b95f]" started-at="2026-03-18T23:43:28 IST" name="verifyTeamDetails" data-provider="iplTeamData" finished-at="2026-03-18T23:43:29 IST" duration-ms="1008" status="PASS">
          <params>
            <param index="0">
              <value>
                <![CDATA[Sunrisers Hyderabad]]>
              </value>
            </param>
            <param index="1">
              <value>
                <![CDATA[SRH]]>
              </value>
            </param>
            <param index="2">
              <value>
                <![CDATA[TRUE]]>
              </value>
            </param>
            <param index="3">
              <value>
                <![CDATA[2016]]>
              </value>
            </param>
          </params>
          <reporter-output>
          </reporter-output>
        </test-method> <!-- verifyTeamDetails -->
        <test-method is-config="true" signature="tearDown()[pri:0, instance:testCases.TC002_TeamDetailsTest@4e07b95f]" started-at="2026-03-18T23:43:29 IST" name="tearDown" finished-at="2026-03-18T23:43:30 IST" duration-ms="561" status="PASS">
          <reporter-output>
          </reporter-output>
        </test-method> <!-- tearDown -->
      </class> <!-- testCases.TC002_TeamDetailsTest -->
      <class name="testCases.TC001_FooterLinks">
        <test-method is-config="true" signature="setUp(java.lang.String)[pri:0, instance:testCases.TC001_FooterLinks@24c4ddae]" started-at="2026-03-18T23:42:46 IST" name="setUp" finished-at="2026-03-18T23:42:57 IST" duration-ms="10428" status="PASS">
          <params>
            <param index="0">
              <value>
                <![CDATA[chrome]]>
              </value>
            </param>
          </params>
          <reporter-output>
          </reporter-output>
        </test-method> <!-- setUp -->
        <test-method signature="verifyFooterLinks()[pri:0, instance:testCases.TC001_FooterLinks@24c4ddae]" started-at="2026-03-18T23:42:57 IST" name="verifyFooterLinks" finished-at="2026-03-18T23:42:58 IST" duration-ms="1642" status="PASS">
          <reporter-output>
          </reporter-output>
        </test-method> <!-- verifyFooterLinks -->
        <test-method is-config="true" signature="tearDown()[pri:0, instance:testCases.TC001_FooterLinks@24c4ddae]" started-at="2026-03-18T23:42:58 IST" name="tearDown" finished-at="2026-03-18T23:42:59 IST" duration-ms="605" status="PASS">
          <reporter-output>
          </reporter-output>
        </test-method> <!-- tearDown -->
      </class> <!-- testCases.TC001_FooterLinks -->
    </test> <!-- Test -->
  </suite> <!-- IPL Chrome Suite -->
</testng-results>
