<?xml version="1.0" encoding="UTF-8"?>
<!-- Generated by org.testng.reporters.JUnitXMLReporter -->
<testsuite ignored="0" hostname="LAPTOP-NRFVHA71" failures="0" tests="13" name="Test" time="26.053" errors="0" timestamp="2026-03-22T13:21:38 IST">
  <testcase classname="testCases.TC001_FooterLinks" name="verifyFooterLinks" time="3.763"/>
  <testcase classname="testCases.TC_004_SearchFunctionality" name="search" time="4.186"/>
  <testcase classname="testCases.TC002_TeamDetailsTest" name="verifyTeamDetails" time="2.01"/>
  <testcase classname="testCases.TC003_PointTableValidation" name="testTeamNameAtRank1" time="3.703"/>
  <testcase classname="testCases.TC002_TeamDetailsTest" name="verifyTeamDetails" time="0.869"/>
  <testcase classname="testCases.TC002_TeamDetailsTest" name="verifyTeamDetails" time="0.664"/>
  <testcase classname="testCases.TC002_TeamDetailsTest" name="verifyTeamDetails" time="0.702"/>
  <testcase classname="testCases.TC002_TeamDetailsTest" name="verifyTeamDetails" time="0.694"/>
  <testcase classname="testCases.TC002_TeamDetailsTest" name="verifyTeamDetails" time="0.774"/>
  <testcase classname="testCases.TC002_TeamDetailsTest" name="verifyTeamDetails" time="0.683"/>
  <testcase classname="testCases.TC002_TeamDetailsTest" name="verifyTeamDetails" time="0.733"/>
  <testcase classname="testCases.TC002_TeamDetailsTest" name="verifyTeamDetails" time="3.188"/>
  <testcase classname="testCases.TC002_TeamDetailsTest" name="verifyTeamDetails" time="4.696"/>
</testsuite> <!-- Test -->
