<?xml version="1.0" encoding="UTF-8"?>
<!-- Generated by org.testng.reporters.JUnitXMLReporter -->
<testsuite ignored="0" hostname="LAPTOP-NRFVHA71" failures="1" tests="13" name="Test" time="19.262" errors="0" timestamp="2026-04-23T22:23:05 IST">
  <testcase classname="testCases.TC001_FooterLinks" name="verifyFooterLinks" time="1.956"/>
  <testcase classname="testCases.TC003_PointTableValidation" name="testTeamNameAtRank1" time="6.659"/>
  <testcase classname="testCases.TC002_TeamDetailsTest" name="verifyTeamDetails" time="1.328"/>
  <testcase classname="testCases.TC002_TeamDetailsTest" name="verifyTeamDetails" time="0.624"/>
  <testcase classname="testCases.TC004_SearchFunctionality" name="search" time="7.832">
    <failure type="java.lang.AssertionError" message="Expected result not found! expected [true] but found [false]">
      <![CDATA[java.lang.AssertionError: Expected result not found! expected [true] but found [false]
at testCases.TC004_SearchFunctionality.search(TC004_SearchFunctionality.java:41)
at java.base/java.util.concurrent.Executors$RunnableAdapter.call(Executors.java:545)
at java.base/java.util.concurrent.FutureTask.run(FutureTask.java:328)
at java.base/java.util.concurrent.ThreadPoolExecutor.runWorker(ThreadPoolExecutor.java:1090)
at java.base/java.util.concurrent.ThreadPoolExecutor$Worker.run(ThreadPoolExecutor.java:614)
at java.base/java.lang.Thread.run(Thread.java:1474)
... Removed 14 stack frames]]>
    </failure>
  </testcase> <!-- search -->
  <testcase classname="testCases.TC002_TeamDetailsTest" name="verifyTeamDetails" time="0.674"/>
  <testcase classname="testCases.TC002_TeamDetailsTest" name="verifyTeamDetails" time="0.747"/>
  <testcase classname="testCases.TC002_TeamDetailsTest" name="verifyTeamDetails" time="1.075"/>
  <testcase classname="testCases.TC002_TeamDetailsTest" name="verifyTeamDetails" time="0.971"/>
  <testcase classname="testCases.TC002_TeamDetailsTest" name="verifyTeamDetails" time="1.017"/>
  <testcase classname="testCases.TC002_TeamDetailsTest" name="verifyTeamDetails" time="1.033"/>
  <testcase classname="testCases.TC002_TeamDetailsTest" name="verifyTeamDetails" time="1.244"/>
  <testcase classname="testCases.TC002_TeamDetailsTest" name="verifyTeamDetails" time="1.223"/>
</testsuite> <!-- Test -->
