<?xml version="1.0" encoding="UTF-8"?>
<!-- Generated by org.testng.reporters.JUnitXMLReporter -->
<testsuite ignored="0" hostname="LAPTOP-NRFVHA71" failures="1" tests="13" name="Chrome" time="72.79" errors="0" timestamp="2026-04-23T20:33:40 IST">
  <testcase classname="testCases.TC001_FooterLinks" name="verifyFooterLinks" time="1.839"/>
  <testcase classname="testCases.TC002_TeamDetailsTest" name="verifyTeamDetails" time="1.962"/>
  <testcase classname="testCases.TC002_TeamDetailsTest" name="verifyTeamDetails" time="0.77"/>
  <testcase classname="testCases.TC002_TeamDetailsTest" name="verifyTeamDetails" time="5.916"/>
  <testcase classname="testCases.TC002_TeamDetailsTest" name="verifyTeamDetails" time="1.435"/>
  <testcase classname="testCases.TC002_TeamDetailsTest" name="verifyTeamDetails" time="1.867"/>
  <testcase classname="testCases.TC002_TeamDetailsTest" name="verifyTeamDetails" time="1.428"/>
  <testcase classname="testCases.TC002_TeamDetailsTest" name="verifyTeamDetails" time="1.225"/>
  <testcase classname="testCases.TC002_TeamDetailsTest" name="verifyTeamDetails" time="1.214"/>
  <testcase classname="testCases.TC002_TeamDetailsTest" name="verifyTeamDetails" time="1.3"/>
  <testcase classname="testCases.TC002_TeamDetailsTest" name="verifyTeamDetails" time="1.326"/>
  <testcase classname="testCases.TC003_PointTableValidation" name="testTeamNameAtRank1" time="8.458"/>
  <testcase classname="testCases.TC004_SearchFunctionality" name="search" time="8.492">
    <failure type="java.lang.AssertionError" message="Expected result not found! expected [true] but found [false]">
      <![CDATA[java.lang.AssertionError: Expected result not found! expected [true] but found [false]
at testCases.TC004_SearchFunctionality.search(TC004_SearchFunctionality.java:41)
at java.base/java.util.ArrayList.forEach(ArrayList.java:1604)
at java.base/java.util.concurrent.FutureTask.run(FutureTask.java:328)
at java.base/java.util.concurrent.ThreadPoolExecutor.runWorker(ThreadPoolExecutor.java:1090)
at java.base/java.util.concurrent.ThreadPoolExecutor$Worker.run(ThreadPoolExecutor.java:614)
at java.base/java.lang.Thread.run(Thread.java:1474)
... Removed 18 stack frames]]>
    </failure>
  </testcase> <!-- search -->
</testsuite> <!-- Chrome -->
