<?xml version="1.0" encoding="UTF-8"?>
<!-- Generated by org.testng.reporters.JUnitXMLReporter -->
<testsuite ignored="0" hostname="LAPTOP-I4KUI1K1" failures="0" tests="13" name="Edge" time="72.287" errors="0" timestamp="2026-04-07T16:42:56 IST">
  <testcase classname="testCases.TC001_FooterLinks" name="verifyFooterLinks" time="0.999"/>
  <testcase classname="testCases.TC002_TeamDetailsTest" name="verifyTeamDetails" time="2.314"/>
  <testcase classname="testCases.TC002_TeamDetailsTest" name="verifyTeamDetails" time="1.202"/>
  <testcase classname="testCases.TC002_TeamDetailsTest" name="verifyTeamDetails" time="1.205"/>
  <testcase classname="testCases.TC002_TeamDetailsTest" name="verifyTeamDetails" time="1.096"/>
  <testcase classname="testCases.TC002_TeamDetailsTest" name="verifyTeamDetails" time="1.601"/>
  <testcase classname="testCases.TC002_TeamDetailsTest" name="verifyTeamDetails" time="1.643"/>
  <testcase classname="testCases.TC002_TeamDetailsTest" name="verifyTeamDetails" time="1.715"/>
  <testcase classname="testCases.TC002_TeamDetailsTest" name="verifyTeamDetails" time="1.706"/>
  <testcase classname="testCases.TC002_TeamDetailsTest" name="verifyTeamDetails" time="1.46"/>
  <testcase classname="testCases.TC002_TeamDetailsTest" name="verifyTeamDetails" time="1.51"/>
  <testcase classname="testCases.TC003_PointTableValidation" name="testTeamNameAtRank1" time="5.154"/>
  <testcase classname="testCases.TC004_SearchFunctionality" name="search" time="3.73"/>
</testsuite> <!-- Edge -->
