<?xml version="1.0" encoding="UTF-8"?>
<!-- Generated by org.testng.reporters.JUnitXMLReporter -->
<testsuite ignored="0" hostname="LAPTOP-NRFVHA71" failures="1" tests="13" name="Edge" time="53.72" errors="0" timestamp="2026-04-23T20:33:21 IST">
  <testcase classname="testCases.TC001_FooterLinks" name="verifyFooterLinks" time="1.14"/>
  <testcase classname="testCases.TC002_TeamDetailsTest" name="verifyTeamDetails" time="2.606"/>
  <testcase classname="testCases.TC002_TeamDetailsTest" name="verifyTeamDetails" time="1.003"/>
  <testcase classname="testCases.TC002_TeamDetailsTest" name="verifyTeamDetails" time="0.788"/>
  <testcase classname="testCases.TC002_TeamDetailsTest" name="verifyTeamDetails" time="1.078"/>
  <testcase classname="testCases.TC002_TeamDetailsTest" name="verifyTeamDetails" time="1.444"/>
  <testcase classname="testCases.TC002_TeamDetailsTest" name="verifyTeamDetails" time="1.785"/>
  <testcase classname="testCases.TC002_TeamDetailsTest" name="verifyTeamDetails" time="2.215"/>
  <testcase classname="testCases.TC002_TeamDetailsTest" name="verifyTeamDetails" time="1.669"/>
  <testcase classname="testCases.TC002_TeamDetailsTest" name="verifyTeamDetails" time="1.682"/>
  <testcase classname="testCases.TC002_TeamDetailsTest" name="verifyTeamDetails" time="1.464"/>
  <testcase classname="testCases.TC003_PointTableValidation" name="testTeamNameAtRank1" time="3.681"/>
  <testcase classname="testCases.TC004_SearchFunctionality" name="search" time="5.423">
    <failure type="java.lang.AssertionError" message="Expected result not found! expected [true] but found [false]">
      <![CDATA[java.lang.AssertionError: Expected result not found! expected [true] but found [false]
at testCases.TC004_SearchFunctionality.search(TC004_SearchFunctionality.java:41)
at java.base/java.util.ArrayList.forEach(ArrayList.java:1604)
at java.base/java.util.concurrent.FutureTask.run(FutureTask.java:328)
at java.base/java.util.concurrent.ThreadPoolExecutor.runWorker(ThreadPoolExecutor.java:1090)
at java.base/java.util.concurrent.ThreadPoolExecutor$Worker.run(ThreadPoolExecutor.java:614)
at java.base/java.lang.Thread.run(Thread.java:1474)
... Removed 18 stack frames]]>
    </failure>
  </testcase> <!-- search -->
</testsuite> <!-- Edge -->
