<?xml version="1.0" encoding="UTF-8"?>
<!-- Generated by org.testng.reporters.JUnitXMLReporter -->
<testsuite ignored="0" hostname="LAPTOP-NRFVHA71" failures="1" tests="13" name="FireFox" time="120.746" errors="0" timestamp="2026-04-23T20:34:28 IST">
  <testcase classname="testCases.TC001_FooterLinks" name="verifyFooterLinks" time="1.045"/>
  <testcase classname="testCases.TC002_TeamDetailsTest" name="verifyTeamDetails" time="20.557"/>
  <testcase classname="testCases.TC002_TeamDetailsTest" name="verifyTeamDetails" time="1.145"/>
  <testcase classname="testCases.TC002_TeamDetailsTest" name="verifyTeamDetails" time="0.851"/>
  <testcase classname="testCases.TC002_TeamDetailsTest" name="verifyTeamDetails" time="0.836"/>
  <testcase classname="testCases.TC002_TeamDetailsTest" name="verifyTeamDetails" time="1.455"/>
  <testcase classname="testCases.TC002_TeamDetailsTest" name="verifyTeamDetails" time="1.473"/>
  <testcase classname="testCases.TC002_TeamDetailsTest" name="verifyTeamDetails" time="1.522"/>
  <testcase classname="testCases.TC002_TeamDetailsTest" name="verifyTeamDetails" time="1.348"/>
  <testcase classname="testCases.TC002_TeamDetailsTest" name="verifyTeamDetails" time="1.168"/>
  <testcase classname="testCases.TC002_TeamDetailsTest" name="verifyTeamDetails" time="1.394"/>
  <testcase classname="testCases.TC003_PointTableValidation" name="testTeamNameAtRank1" time="3.556"/>
  <testcase classname="testCases.TC004_SearchFunctionality" name="search" time="5.607">
    <failure type="java.lang.AssertionError" message="Expected result not found! expected [true] but found [false]">
      <![CDATA[java.lang.AssertionError: Expected result not found! expected [true] but found [false]
at testCases.TC004_SearchFunctionality.search(TC004_SearchFunctionality.java:41)
at java.base/java.util.ArrayList.forEach(ArrayList.java:1604)
at java.base/java.util.concurrent.FutureTask.run(FutureTask.java:328)
at java.base/java.util.concurrent.ThreadPoolExecutor.runWorker(ThreadPoolExecutor.java:1090)
at java.base/java.util.concurrent.ThreadPoolExecutor$Worker.run(ThreadPoolExecutor.java:614)
at java.base/java.lang.Thread.run(Thread.java:1474)
... Removed 18 stack frames]]>
    </failure>
  </testcase> <!-- search -->
</testsuite> <!-- FireFox -->
