<?xml version="1.0" encoding="UTF-8"?>
<!-- Generated by org.testng.reporters.JUnitXMLReporter -->
<testsuite ignored="0" hostname="LAPTOP-I4KUI1K1" failures="0" tests="13" name="FireFox" time="69.108" errors="0" timestamp="2026-04-07T16:44:07 IST">
  <testcase classname="testCases.TC001_FooterLinks" name="verifyFooterLinks" time="0.735"/>
  <testcase classname="testCases.TC002_TeamDetailsTest" name="verifyTeamDetails" time="3.188"/>
  <testcase classname="testCases.TC002_TeamDetailsTest" name="verifyTeamDetails" time="1.209"/>
  <testcase classname="testCases.TC002_TeamDetailsTest" name="verifyTeamDetails" time="1.111"/>
  <testcase classname="testCases.TC002_TeamDetailsTest" name="verifyTeamDetails" time="1.169"/>
  <testcase classname="testCases.TC002_TeamDetailsTest" name="verifyTeamDetails" time="1.538"/>
  <testcase classname="testCases.TC002_TeamDetailsTest" name="verifyTeamDetails" time="1.518"/>
  <testcase classname="testCases.TC002_TeamDetailsTest" name="verifyTeamDetails" time="1.717"/>
  <testcase classname="testCases.TC002_TeamDetailsTest" name="verifyTeamDetails" time="1.879"/>
  <testcase classname="testCases.TC002_TeamDetailsTest" name="verifyTeamDetails" time="1.435"/>
  <testcase classname="testCases.TC002_TeamDetailsTest" name="verifyTeamDetails" time="1.508"/>
  <testcase classname="testCases.TC003_PointTableValidation" name="testTeamNameAtRank1" time="4.446"/>
  <testcase classname="testCases.TC004_SearchFunctionality" name="search" time="4.79"/>
</testsuite> <!-- FireFox -->
