<?xml version="1.0" encoding="UTF-8"?>
<!-- Generated by org.testng.reporters.JUnitReportReporter -->
<testsuite hostname="LAPTOP-NRFVHA71" failures="0" tests="3" name="testCases.TC001_FooterLinks" time="4.024" errors="0" timestamp="2026-04-23T20:34:28 IST" skipped="0">
  <testcase classname="testCases.TC001_FooterLinks" name="verifyFooterLinks" time="1.839"/>
  <testcase classname="testCases.TC001_FooterLinks" name="verifyFooterLinks" time="1.140"/>
  <testcase classname="testCases.TC001_FooterLinks" name="verifyFooterLinks" time="1.045"/>
</testsuite> <!-- testCases.TC001_FooterLinks -->
