<?xml version="1.0" encoding="UTF-8"?>
<!-- Generated by org.testng.reporters.JUnitReportReporter -->
<testsuite hostname="LAPTOP-I4KUI1K1" failures="0" tests="10" name="testCases.TC002_TeamDetailsTest" time="11.734" errors="0" timestamp="2026-03-18T23:43:30 IST" skipped="0">
  <testcase classname="testCases.TC002_TeamDetailsTest" name="verifyTeamDetails" time="1.112"/>
  <testcase classname="testCases.TC002_TeamDetailsTest" name="verifyTeamDetails" time="0.998"/>
  <testcase classname="testCases.TC002_TeamDetailsTest" name="verifyTeamDetails" time="0.960"/>
  <testcase classname="testCases.TC002_TeamDetailsTest" name="verifyTeamDetails" time="2.481"/>
  <testcase classname="testCases.TC002_TeamDetailsTest" name="verifyTeamDetails" time="0.936"/>
  <testcase classname="testCases.TC002_TeamDetailsTest" name="verifyTeamDetails" time="1.008"/>
  <testcase classname="testCases.TC002_TeamDetailsTest" name="verifyTeamDetails" time="1.113"/>
  <testcase classname="testCases.TC002_TeamDetailsTest" name="verifyTeamDetails" time="0.993"/>
  <testcase classname="testCases.TC002_TeamDetailsTest" name="verifyTeamDetails" time="1.157"/>
  <testcase classname="testCases.TC002_TeamDetailsTest" name="verifyTeamDetails" time="0.976"/>
</testsuite> <!-- testCases.TC002_TeamDetailsTest -->
