<?xml version="1.0" encoding="UTF-8"?>
<!-- Generated by org.testng.reporters.JUnitReportReporter -->
<testsuite hostname="LAPTOP-I4KUI1K1" failures="0" tests="3" name="testCases.TC003_PointTableValidation" time="14.624" errors="0" timestamp="2026-04-07T16:44:08 IST" skipped="0">
  <testcase classname="testCases.TC003_PointTableValidation" name="testTeamNameAtRank1" time="5.154"/>
  <testcase classname="testCases.TC003_PointTableValidation" name="testTeamNameAtRank1" time="4.446"/>
  <testcase classname="testCases.TC003_PointTableValidation" name="testTeamNameAtRank1" time="5.024"/>
</testsuite> <!-- testCases.TC003_PointTableValidation -->
