<?xml version="1.0" encoding="UTF-8"?>
<!-- Generated by org.testng.reporters.JUnitReportReporter -->
<testsuite hostname="LAPTOP-NRFVHA71" failures="0" tests="3" name="testCases.TC003_PointTableValidation" time="15.695" errors="0" timestamp="2026-04-23T20:34:28 IST" skipped="0">
  <testcase classname="testCases.TC003_PointTableValidation" name="testTeamNameAtRank1" time="3.556"/>
  <testcase classname="testCases.TC003_PointTableValidation" name="testTeamNameAtRank1" time="3.681"/>
  <testcase classname="testCases.TC003_PointTableValidation" name="testTeamNameAtRank1" time="8.458"/>
</testsuite> <!-- testCases.TC003_PointTableValidation -->
