<?xml version="1.0" encoding="UTF-8"?>
<!-- Generated by org.testng.reporters.JUnitReportReporter -->
<testsuite hostname="LAPTOP-I4KUI1K1" failures="0" tests="3" name="testCases.TC001_FooterLinks" time="2.700" errors="0" timestamp="2026-04-07T16:44:08 IST" skipped="0">
  <testcase classname="testCases.TC001_FooterLinks" name="verifyFooterLinks" time="0.999"/>
  <testcase classname="testCases.TC001_FooterLinks" name="verifyFooterLinks" time="0.735"/>
  <testcase classname="testCases.TC001_FooterLinks" name="verifyFooterLinks" time="0.966"/>
</testsuite> <!-- testCases.TC001_FooterLinks -->
