<?xml version="1.0" encoding="UTF-8"?>
<!-- Generated by org.testng.reporters.JUnitReportReporter -->
<testsuite hostname="LAPTOP-I4KUI1K1" failures="0" tests="3" name="testCases.TC004_SearchFunctionality" time="14.164" errors="0" timestamp="2026-04-07T16:44:08 IST" skipped="0">
  <testcase classname="testCases.TC004_SearchFunctionality" name="search" time="5.644"/>
  <testcase classname="testCases.TC004_SearchFunctionality" name="search" time="4.790"/>
  <testcase classname="testCases.TC004_SearchFunctionality" name="search" time="3.730"/>
</testsuite> <!-- testCases.TC004_SearchFunctionality -->
